<?xml version="1.0" encoding="UTF-8"?>
<!-- Generated by org.testng.reporters.JUnitReportReporter -->
<testsuite hostname="DigVijay" failures="0" tests="1" name="com.oops.qa.TestPage.LoginPageTest" time="145.249" errors="0" timestamp="2023-11-03T10:40:44 IST" skipped="0">
  <testcase classname="com.oops.qa.TestPage.LoginPageTest" name="verifyLoginPageTitleTest" time="145.249"/>
</testsuite> <!-- com.oops.qa.TestPage.LoginPageTest -->
